writeCommonTags: couldn't write 'track' tag to 'bill-wurtz/9 8 7 [pIX9Sa-TpOQ].m4a' as it's not a positive integer
writeCommonTags: couldn't write 'track' tag to 'bill-wurtz/9 8 7 [pIX9Sa-TpOQ].m4a' as it's not a positive integer
writeCommonTags: couldn't write 'track' tag to 'bill-wurtz/9 8 7 [pIX9Sa-TpOQ].m4a' as it's not a positive integer
writeCommonTags: couldn't write 'track' tag to 'bill-wurtz/9 8 7 [pIX9Sa-TpOQ].m4a' as it's not a positive integer
writeCommonTags: couldn't write 'track' tag to 'bill-wurtz/9 8 7 [pIX9Sa-TpOQ].m4a' as it's not a positive integer
writeCommonTags: couldn't write 'track' tag to 'bill-wurtz/9 8 7 [pIX9Sa-TpOQ].m4a' as it's not a positive integer
writeCommonTags: couldn't write 'track' tag to 'bill-wurtz/9 8 7 [pIX9Sa-TpOQ].m4a' as it's not a positive integer
writeCommonTags: couldn't write 'track' tag to 'bill-wurtz/9 8 7 [pIX9Sa-TpOQ].m4a' as it's not a positive integer
writeCommonTags: couldn't write 'track' tag to 'bill-wurtz/9 8 7 [pIX9Sa-TpOQ].m4a' as it's not a positive integer
writeCommonTags: couldn't write 'track' tag to 'bill-wurtz/And the Day Goes On [3XNsBpH5VwM].m4a' as it's not a positive integer
writeCommonTags: couldn't write 'track' tag to 'bill-wurtz/At the Airport Terminal [bv6QaOo-caA].m4a' as it's not a positive integer
writeCommonTags: couldn't write 'track' tag to 'bill-wurtz/At The Corner Store [pYl--c6uPpA].m4a' as it's not a positive integer
writeCommonTags: couldn't write 'track' tag to 'bill-wurtz/Christmas Isn't Real [rnlWucuqcJ8].m4a' as it's not a positive integer
writeCommonTags: couldn't write 'track' tag to 'bill-wurtz/Fly Around [EhYVx8c_3RI].m4a' as it's not a positive integer
writeCommonTags: couldn't write 'track' tag to 'bill-wurtz/Got to Know What's Going On [kO84DDYc9tA].m4a' as it's not a positive integer
writeCommonTags: couldn't write 'track' tag to 'bill-wurtz/Hallelujah [EBeusFaN_7c].m4a' as it's not a positive integer
writeCommonTags: couldn't write 'track' tag to 'bill-wurtz/Hello Sexy Pants [7QqYVJpQAoc].m4a' as it's not a positive integer
writeCommonTags: couldn't write 'track' tag to 'bill-wurtz/Here Comes The Sun [YBgvQ6QKV5k].m4a' as it's not a positive integer
writeCommonTags: couldn't write 'track' tag to 'bill-wurtz/i like to wear soft clothing (cause it makes me feel like i'm rough, in comparison) [7PhBbSvY5aI].m4a' as it's not a positive integer
writeCommonTags: couldn't write 'track' tag to 'bill-wurtz/I Love You [S_otkc5aUWY].m4a' as it's not a positive integer
writeCommonTags: couldn't write 'track' tag to 'bill-wurtz/I'm a Huge Gamer most of the time [K0PKJfkfe9M].m4a' as it's not a positive integer
writeCommonTags: couldn't write 'track' tag to 'bill-wurtz/I'm A Princess [z1CwKvH-Iww].m4a' as it's not a positive integer
writeCommonTags: couldn't write 'track' tag to 'bill-wurtz/I'm Best Friends With My Own Front Door [1elXaYyWgho].m4a' as it's not a positive integer
writeCommonTags: couldn't write 'track' tag to 'bill-wurtz/I'm Scared [yXSrVpV39os].m4a' as it's not a positive integer
writeCommonTags: couldn't write 'track' tag to 'bill-wurtz/If The World Doesn't End [kRgJDHqwMwQ].m4a' as it's not a positive integer
writeCommonTags: couldn't write 'track' tag to 'bill-wurtz/In California [Xy8b4IFzNAE].m4a' as it's not a positive integer
writeCommonTags: couldn't write 'track' tag to 'bill-wurtz/Just Did a Bad Thing [USxpD5L5PhU].m4a' as it's not a positive integer
writeCommonTags: couldn't write 'track' tag to 'bill-wurtz/La de Da de Da de Da de Day Oh [atVsmnCX1-Q].m4a' as it's not a positive integer
writeCommonTags: couldn't write 'track' tag to 'bill-wurtz/Long Long Long Journey [5YiyngGmJGc].m4a' as it's not a positive integer
writeCommonTags: couldn't write 'track' tag to 'bill-wurtz/meet me in september [P80gTy9WJjQ].m4a' as it's not a positive integer
writeCommonTags: couldn't write 'track' tag to 'bill-wurtz/Might Quit [pocLJvNlD7Y].m4a' as it's not a positive integer
writeCommonTags: couldn't write 'track' tag to 'bill-wurtz/Money [mPNzDFsXq3o].m4a' as it's not a positive integer
writeCommonTags: couldn't write 'track' tag to 'bill-wurtz/More Than A Dream [kewgbZRzC8Y].m4a' as it's not a positive integer
writeCommonTags: couldn't write 'track' tag to 'bill-wurtz/Mount St. Helens Is About to Blow Up [E4FXWtsxXTU].m4a' as it's not a positive integer
writeCommonTags: couldn't write 'track' tag to 'bill-wurtz/Movie Star [H6W_yp5YSB8].m4a' as it's not a positive integer
writeCommonTags: couldn't write 'track' tag to 'bill-wurtz/New Canaan [Q5GxT7phKNQ].m4a' as it's not a positive integer
writeCommonTags: couldn't write 'track' tag to 'bill-wurtz/outside [0MIK7bb69xk].m4a' as it's not a positive integer
writeCommonTags: couldn't write 'track' tag to 'bill-wurtz/Slow Down [zahuOk0J2qQ].m4a' as it's not a positive integer
writeCommonTags: couldn't write 'track' tag to 'bill-wurtz/the ending [0-o4fe64T6g].m4a' as it's not a positive integer
writeCommonTags: couldn't write 'track' tag to 'bill-wurtz/the ground plane [AMaS0SwPEq4].m4a' as it's not a positive integer
writeCommonTags: couldn't write 'track' tag to 'bill-wurtz/The Moon Is Made of Cheese (But I Can't Taste It) [41F1a_gKQXA].m4a' as it's not a positive integer
writeCommonTags: couldn't write 'track' tag to 'bill-wurtz/We Could Just Get High [ZbsxPfHE2Ss].m4a' as it's not a positive integer
writeCommonTags: couldn't write 'track' tag to 'bill-wurtz/When I Get Older [EPLK3BWQG_I].m4a' as it's not a positive integer
writeCommonTags: couldn't write 'track' tag to 'bill-wurtz/where i've been [D2-urSMdwYw].m4a' as it's not a positive integer
writeCommonTags: couldn't write 'track' tag to 'Nanahira/Covertly-shine/向日葵と少女 [cP-3WZz1Y94].m4a' as it's not a positive integer
writeCommonTags: couldn't write 'track' tag to 'Nanahira/Covertly-shine/夏に咲く秘密 [QAJC4pycEYM].m4a' as it's not a positive integer
writeCommonTags: couldn't write 'track' tag to 'Nanahira/Covertly-shine/飛んじゃえ！南国エスケピズム [z8CPzF92q18].m4a' as it's not a positive integer
writeCommonTags: couldn't write 'track' tag to 'Nanahira/Iroha-Seven-Wonders-Expedition/いろは七不思議探訪記 [WAakwxxXupU].m4a' as it's not a positive integer
writeCommonTags: couldn't write 'track' tag to 'Nanahira/Iroha-Seven-Wonders-Expedition/これは無慈悲な花の女王 [vroL3d24Fqs].m4a' as it's not a positive integer
writeCommonTags: couldn't write 'track' tag to 'Nanahira/Iroha-Seven-Wonders-Expedition/ななひら「琉金夢遊録」Music video [gw8Ib2M9d58].m4a' as it's not a positive integer
writeCommonTags: couldn't write 'track' tag to 'Nanahira/Iroha-Seven-Wonders-Expedition/ななひら「霊犬信乃伝」Music video [xCwXpIz1aQ0].m4a' as it's not a positive integer
writeCommonTags: couldn't write 'track' tag to 'Nanahira/Iroha-Seven-Wonders-Expedition/わらしさんの日常 [9a9oD42spUY].m4a' as it's not a positive integer
writeCommonTags: couldn't write 'track' tag to 'Nanahira/Iroha-Seven-Wonders-Expedition/乙女前線！いざ変化☆ [iUIRmPX0z6o].m4a' as it's not a positive integer
writeCommonTags: couldn't write 'track' tag to 'Nanahira/Iroha-Seven-Wonders-Expedition/在らず朱色と迷い路の夢 [Ap7n1XAYEc0].m4a' as it's not a positive integer
writeCommonTags: couldn't write 'track' tag to 'Nanahira/Iroha-Seven-Wonders-Expedition/詠ミ人知ラズ ⧸ ⧸ 行方ハ知レズ [o5VTrK5okn4].m4a' as it's not a positive integer
writeCommonTags: couldn't write 'track' tag to 'Nanahira/Its-a-Message-for-you/choose♡happiness - Mitsukiyo feat. ななひら [5RlXGBSmX44].m4a' as it's not a positive integer
writeCommonTags: couldn't write 'track' tag to 'Nanahira/Its-a-Message-for-you/postMark [HiO1kskF8VI].m4a' as it's not a positive integer
writeCommonTags: couldn't write 'track' tag to 'Nanahira/Its-a-Message-for-you/エムファエア・カエルレア [MvYTKy6LoCA].m4a' as it's not a positive integer
writeCommonTags: couldn't write 'track' tag to 'Nanahira/Its-a-Message-for-you/ななひら「I’m a Messenger for U」Music video [Q1W6yIgHLb4].m4a' as it's not a positive integer
writeCommonTags: couldn't write 'track' tag to 'Nanahira/Its-a-Message-for-you/凪月 [QsQmv0JDVOs].m4a' as it's not a positive integer
writeCommonTags: couldn't write 'track' tag to 'Nanahira/Its-a-Message-for-you/届きますように - 黒魔 feat. ななひら [bKP4Bq1VxFA].m4a' as it's not a positive integer
writeCommonTags: couldn't write 'track' tag to 'Nanahira/Its-a-Message-for-you/惑星、君を教えて [i9Q3t-zAU4g].m4a' as it's not a positive integer
writeCommonTags: couldn't write 'track' tag to 'Nanahira/Memory-Go-Round/CAN GIRL [JAR-9mdnqeA].m4a' as it's not a positive integer
writeCommonTags: couldn't write 'track' tag to 'Nanahira/Memory-Go-Round/Dear memories [6hTy9DSW2T4].m4a' as it's not a positive integer
writeCommonTags: couldn't write 'track' tag to 'Nanahira/Memory-Go-Round/Gemmarca [jQEdk2HM7As].m4a' as it's not a positive integer
writeCommonTags: couldn't write 'track' tag to 'Nanahira/Memory-Go-Round/She side_Blue [HAeRYlKicpU].m4a' as it's not a positive integer
writeCommonTags: couldn't write 'track' tag to 'Nanahira/Memory-Go-Round/こんな歌 [JaUlX7aik5Q].m4a' as it's not a positive integer
writeCommonTags: couldn't write 'track' tag to 'Nanahira/Memory-Go-Round/ななひら「ぼくらの＂最☆強＂おもちゃ箱ワンダーランド♪」Music video [bkpCcJUwl4M].m4a' as it's not a positive integer
writeCommonTags: couldn't write 'track' tag to 'Nanahira/Memory-Go-Round/ひめばこ [9KpvLZJfeXI].m4a' as it's not a positive integer
writeCommonTags: couldn't write 'track' tag to 'Nanahira/Memory-Go-Round/僕らのタイムカプセル [WcnCmL8FxfE].m4a' as it's not a positive integer
writeCommonTags: couldn't write 'track' tag to 'Nanahira/Memory-Go-Round/初恋スイートメモリー [uY-dJDryV2Y].m4a' as it's not a positive integer
writeCommonTags: couldn't write 'track' tag to 'Nanahira/Memory-Go-Round/猫ダッシュ★もふもふパラダイス！ [B8L9sAvqjEw].m4a' as it's not a positive integer
writeCommonTags: couldn't write 'track' tag to 'Nanahira/Merrily-night/あしたの風のオレンジマーチ [OdkiHGv1wns].m4a' as it's not a positive integer
writeCommonTags: couldn't write 'track' tag to 'Nanahira/Merrily-night/オオカミ姫は夢を見る ⧸ ななひら [ZnjJjSpY17w].m4a' as it's not a positive integer
writeCommonTags: couldn't write 'track' tag to 'Nanahira/Merrily-night/ハロウィンのパリピに負けたくないうた [DzFJ-gLtmxM].m4a' as it's not a positive integer
writeCommonTags: couldn't write 'track' tag to 'Alice-Merton/Mint/Alice Merton - ＂2 Kids＂ (Official Audio) [J87lEafJd-0].m4a' as it's not a positive integer
writeCommonTags: couldn't write 'track' tag to 'Alice-Merton/Mint/Alice Merton - ＂Homesick＂ (Official Audio) [MjOjo5SFoUg].m4a' as it's not a positive integer
writeCommonTags: couldn't write 'track' tag to 'Alice-Merton/Mint/Alice Merton - ＂Honeymoon Heartbreak＂ (Official Audio) [ZKKJBENDOX8].m4a' as it's not a positive integer
writeCommonTags: couldn't write 'track' tag to 'Alice-Merton/Mint/Alice Merton - ＂I Don’t Hold A Grudge＂ (Official Audio) [G4CTH3Dqun4].m4a' as it's not a positive integer
writeCommonTags: couldn't write 'track' tag to 'Alice-Merton/Mint/Alice Merton - ＂Speak Your Mind＂ (Official Audio) [eElqIYrPGWU].m4a' as it's not a positive integer
writeCommonTags: couldn't write 'track' tag to 'Alice-Merton/Mint/Alice Merton - ＂Trouble In Paradise＂ (Official Audio) [0JXv-gfI158].m4a' as it's not a positive integer
writeCommonTags: couldn't write 'track' tag to 'Alice-Merton/Mint/Alice Merton - Funny Business (Official Video) [lleYJOwpRC8].m4a' as it's not a positive integer
writeCommonTags: couldn't write 'track' tag to 'Alice-Merton/Mint/Alice Merton - Lash Out (Official Video) [IryLa6_9bxc].m4a' as it's not a positive integer
writeCommonTags: couldn't write 'track' tag to 'Alice-Merton/Mint/Alice Merton - Learn To Live (Official Video) [I51C1GtzRs4].m4a' as it's not a positive integer
writeCommonTags: couldn't write 'track' tag to 'Alice-Merton/Mint/Alice Merton - No Roots [PUdyuKaGQd4].m4a' as it's not a positive integer
writeCommonTags: couldn't write 'track' tag to 'Alice-Merton/Mint/Alice Merton - Why So Serious (Official Video) [45Fvy5h38KI].m4a' as it's not a positive integer
writeCommonTags: couldn't write 'track' tag to 'Alice-Merton/Mint/Alice Merton - ＂2 Kids＂ (Official Audio) [J87lEafJd-0].m4a' as it's not a positive integer
writeCommonTags: couldn't write 'track' tag to 'Alice-Merton/Mint/Alice Merton - ＂Homesick＂ (Official Audio) [MjOjo5SFoUg].m4a' as it's not a positive integer
writeCommonTags: couldn't write 'track' tag to 'Alice-Merton/Mint/Alice Merton - ＂Honeymoon Heartbreak＂ (Official Audio) [ZKKJBENDOX8].m4a' as it's not a positive integer
writeCommonTags: couldn't write 'track' tag to 'Alice-Merton/Mint/Alice Merton - ＂I Don’t Hold A Grudge＂ (Official Audio) [G4CTH3Dqun4].m4a' as it's not a positive integer
writeCommonTags: couldn't write 'track' tag to 'Alice-Merton/Mint/Alice Merton - ＂Speak Your Mind＂ (Official Audio) [eElqIYrPGWU].m4a' as it's not a positive integer
writeCommonTags: couldn't write 'track' tag to 'Alice-Merton/Mint/Alice Merton - ＂Trouble In Paradise＂ (Official Audio) [0JXv-gfI158].m4a' as it's not a positive integer
writeCommonTags: couldn't write 'track' tag to 'Alice-Merton/Mint/Alice Merton - Funny Business (Official Video) [lleYJOwpRC8].m4a' as it's not a positive integer
writeCommonTags: couldn't write 'track' tag to 'Alice-Merton/Mint/Alice Merton - Lash Out (Official Video) [IryLa6_9bxc].m4a' as it's not a positive integer
writeCommonTags: couldn't write 'track' tag to 'Alice-Merton/Mint/Alice Merton - Learn To Live (Official Video) [I51C1GtzRs4].m4a' as it's not a positive integer
writeCommonTags: couldn't write 'track' tag to 'Alice-Merton/Mint/Alice Merton - No Roots [PUdyuKaGQd4].m4a' as it's not a positive integer
writeCommonTags: couldn't write 'track' tag to 'Alice-Merton/Mint/Alice Merton - Why So Serious (Official Video) [45Fvy5h38KI].m4a' as it's not a positive integer
writeCommonTags: couldn't write 'track' tag to 'Mitsuki-Nakae/Mystery-Alice/【Original PV】謎掛アリス【中恵光城】 [OT3Bxf07HAw].m4a' as it's not a positive integer
writeCommonTags: couldn't write 'track' tag to 'Mitsuki-Nakae/Mystery-Alice/Ambiguous [eSvRl6L-eaI].m4a' as it's not a positive integer
writeCommonTags: couldn't write 'track' tag to 'Mitsuki-Nakae/Mystery-Alice/ANTICLOCK TEA-PARTY [uy1B3BuXzK4].m4a' as it's not a positive integer
writeCommonTags: couldn't write 'track' tag to 'Mitsuki-Nakae/Mystery-Alice/Queen of hearts [69XkGAQI_O4].m4a' as it's not a positive integer
writeCommonTags: couldn't write 'track' tag to 'Mitsuki-Nakae/Mystery-Alice/TRUTH [_herTVLkNRk].m4a' as it's not a positive integer
writeCommonTags: couldn't write 'track' tag to 'Mitsuki-Nakae/Mystery-Alice/Who are you？ [MQ7lnZEcg6U].m4a' as it's not a positive integer
writeCommonTags: couldn't write 'track' tag to 'Mitsuki-Nakae/Mystery-Alice/アリスの小部屋 [w4kFc0gRRcc].m4a' as it's not a positive integer
writeCommonTags: couldn't write 'track' tag to 'Alice-Merton/Mint/Alice Merton - ＂2 Kids＂ (Official Audio) [J87lEafJd-0].m4a' as it's not a positive integer
writeCommonTags: couldn't write 'track' tag to 'Alice-Merton/Mint/Alice Merton - ＂Homesick＂ (Official Audio) [MjOjo5SFoUg].m4a' as it's not a positive integer
writeCommonTags: couldn't write 'track' tag to 'Alice-Merton/Mint/Alice Merton - ＂Honeymoon Heartbreak＂ (Official Audio) [ZKKJBENDOX8].m4a' as it's not a positive integer
writeCommonTags: couldn't write 'track' tag to 'Alice-Merton/Mint/Alice Merton - ＂I Don’t Hold A Grudge＂ (Official Audio) [G4CTH3Dqun4].m4a' as it's not a positive integer
writeCommonTags: couldn't write 'track' tag to 'Alice-Merton/Mint/Alice Merton - ＂Speak Your Mind＂ (Official Audio) [eElqIYrPGWU].m4a' as it's not a positive integer
writeCommonTags: couldn't write 'track' tag to 'Alice-Merton/Mint/Alice Merton - ＂Trouble In Paradise＂ (Official Audio) [0JXv-gfI158].m4a' as it's not a positive integer
writeCommonTags: couldn't write 'track' tag to 'Alice-Merton/Mint/Alice Merton - Funny Business (Official Video) [lleYJOwpRC8].m4a' as it's not a positive integer
writeCommonTags: couldn't write 'track' tag to 'Alice-Merton/Mint/Alice Merton - Lash Out (Official Video) [IryLa6_9bxc].m4a' as it's not a positive integer
writeCommonTags: couldn't write 'track' tag to 'Alice-Merton/Mint/Alice Merton - Learn To Live (Official Video) [I51C1GtzRs4].m4a' as it's not a positive integer
writeCommonTags: couldn't write 'track' tag to 'Alice-Merton/Mint/Alice Merton - No Roots [PUdyuKaGQd4].m4a' as it's not a positive integer
writeCommonTags: couldn't write 'track' tag to 'Alice-Merton/Mint/Alice Merton - Why So Serious (Official Video) [45Fvy5h38KI].m4a' as it's not a positive integer
writeCommonTags: couldn't write 'track' tag to 'Laur/Memoria/Àqua Prism [Ceb9fXL7PZI].m4a' as it's not a positive integer
writeCommonTags: couldn't write 'track' tag to 'Laur/Memoria/Crisis [iTg--M12A60].m4a' as it's not a positive integer
writeCommonTags: couldn't write 'track' tag to 'Laur/Memoria/Laur - ∞bit Sequencer [L7n5VVKLqJA].m4a' as it's not a positive integer
writeCommonTags: couldn't write 'track' tag to 'Laur/Memoria/Laur - Another Me [g5frTJtwfcI].m4a' as it's not a positive integer
writeCommonTags: couldn't write 'track' tag to 'Laur/Memoria/Laur - DANGEROOOOUS JUNGLE [From WACCA] [DnTQ0PGBicA].m4a' as it's not a positive integer
writeCommonTags: couldn't write 'track' tag to 'Laur/Memoria/Laur - Lash Out [yP1sWYeKeOI].m4a' as it's not a positive integer
writeCommonTags: couldn't write 'track' tag to 'Laur/Memoria/Laur vs M1shamo - Deceiver [iK13-Y7CPLk].m4a' as it's not a positive integer
writeCommonTags: couldn't write 'track' tag to 'Laur/Memoria/Mellifluous [BFbJnJsDAUo].m4a' as it's not a positive integer
writeCommonTags: couldn't write 'track' tag to 'Laur/Memoria/Noisy Parade [oI-Gk43aqJc].m4a' as it's not a positive integer
writeCommonTags: couldn't write 'track' tag to 'Laur/Memoria/Ray of Hope [jEiOHRTGGbU].m4a' as it's not a positive integer
writeCommonTags: couldn't write 'track' tag to 'Laur/Memoria/Team Grimoire vs Sakuzyo vs Laur - Arcana Eden [from Arcaea] [WMgYcBvw0dk].m4a' as it's not a positive integer
writeCommonTags: couldn't write 'track' tag to 'Laur/Memoria/Tragedy of Viyella [w1n6sI_YEUE].m4a' as it's not a positive integer
writeCommonTags: couldn't write 'track' tag to 'Laur/Memoria/Venomous Virus [DsiAweQtiW0].m4a' as it's not a positive integer
writeCommonTags: couldn't write 'track' tag to 'Laur/Memoria/その花は世界を紡ぐ (feat. Tia) [csP9LAm95SM].m4a' as it's not a positive integer
writeCommonTags: couldn't write 'track' tag to 'Laur/Memoria/僕の在り処 (feat. Tia) [cH-nd-dmxu0].m4a' as it's not a positive integer
writeCommonTags: couldn't write 'track' tag to 'Laur/ISSEN/Laur - 国士無双 [EnLFt-nTmQo].m4a' as it's not a positive integer
writeCommonTags: couldn't write 'track' tag to 'Laur/ISSEN/Laur - 琴ノ葉 [eotolIor9MI].m4a' as it's not a positive integer
writeCommonTags: couldn't write 'track' tag to 'Laur/ISSEN/Laur - 鬼々怪々 [Xhi3BPlaI9s].m4a' as it's not a positive integer
writeCommonTags: couldn't write 'track' tag to 'Laur/ISSEN/Laur vs i7to - 朧月【MV】 [-14cSTrv6gQ].m4a' as it's not a positive integer
writeCommonTags: couldn't write 'track' tag to 'Laur/Stigma/Laur - Invader [MkTsSNUnQKU].m4a' as it's not a positive integer
writeCommonTags: couldn't write 'track' tag to 'Laur/Stigma/Laur vs HyuN - Lunàtixxx Gear【Rotaeno】 [QsWMe50sHJM].m4a' as it's not a positive integer
writeCommonTags: couldn't write 'track' tag to 'Laur/Stigma/Nihilism [dYTJ2OB1AXY].m4a' as it's not a positive integer
writeCommonTags: couldn't write 'track' tag to 'Laur/Stigma/What is Viyella dreaming about？ [DyKJENic-dc].m4a' as it's not a positive integer
writeCommonTags: couldn't write 'track' tag to 'Laur/Stigma/Laur - Invader [MkTsSNUnQKU].m4a' as it's not a positive integer
writeCommonTags: couldn't write 'track' tag to 'Laur/Stigma/Laur vs HyuN - Lunàtixxx Gear【Rotaeno】 [QsWMe50sHJM].m4a' as it's not a positive integer
writeCommonTags: couldn't write 'track' tag to 'Laur/Stigma/Nihilism [dYTJ2OB1AXY].m4a' as it's not a positive integer
writeCommonTags: couldn't write 'track' tag to 'Laur/Stigma/What is Viyella dreaming about？ [DyKJENic-dc].m4a' as it's not a positive integer
writeCommonTags: couldn't write 'track' tag to 'Nanahira/Covertly-shine/向日葵と少女 [cP-3WZz1Y94].m4a' as it's not a positive integer
writeCommonTags: couldn't write 'track' tag to 'Nanahira/Covertly-shine/夏に咲く秘密 [QAJC4pycEYM].m4a' as it's not a positive integer
writeCommonTags: couldn't write 'track' tag to 'Nanahira/Covertly-shine/飛んじゃえ！南国エスケピズム [z8CPzF92q18].m4a' as it's not a positive integer
